c:\dev\jupiterengine\debug\vc142.pdb
c:\dev\jupiterengine\debug\vc142.idb
c:\dev\jupiterengine\debug\glad.obj
c:\dev\jupiterengine\debug\shaders.obj
c:\dev\jupiterengine\debug\application.obj
c:\dev\jupiterengine\debug\jupiterengine.exe
c:\dev\jupiterengine\debug\jupiterengine.ilk
c:\dev\jupiterengine\debug\jupiterengine.pdb
c:\dev\jupiterengine\debug\jupiterengine.vcxproj.cppwinrt_comp.cache
c:\dev\jupiterengine\debug\jupiterengine.vcxproj.cppwinrt_plat.cache
c:\dev\jupiterengine\debug\jupiterengine.vcxproj.mdmergeinputs.cache
c:\dev\jupiterengine\debug\jupiterengine.vcxproj.cppwinrt_comp.rsp
c:\dev\jupiterengine\debug\jupiterengine.vcxproj.cppwinrt_plat.rsp
c:\dev\jupiterengine\debug\jupiterengine.vcxproj.mdmerge.rsp
c:\dev\jupiterengine\debug\jupiterengine.vcxproj.midlrt.rsp
c:\dev\jupiterengine\debug\jupiterengine.tlog\cl.command.1.tlog
c:\dev\jupiterengine\debug\jupiterengine.tlog\cl.read.1.tlog
c:\dev\jupiterengine\debug\jupiterengine.tlog\cl.write.1.tlog
c:\dev\jupiterengine\debug\jupiterengine.tlog\link.command.1.tlog
c:\dev\jupiterengine\debug\jupiterengine.tlog\link.read.1.tlog
c:\dev\jupiterengine\debug\jupiterengine.tlog\link.write.1.tlog
